2014-06-10 19:53:00.908 HaikuBattle[17655:70b] Multi-tasking -> Device: YES, App: YES
2014-06-10 19:53:00.932 HaikuBattle[17655:70b] Unlimited access to network resources
2014-06-10 19:53:00.935 HaikuBattle[17655:70b] 

Started backup to iCloud! Please be careful.
Your application might rejected by Apple if you store too much data.
For more information please read "iOS Data Storage Guidelines"
You could find it at the following address https://developer.apple.com/icloud/documentation/data-storage/ .

2014-06-10 19:53:01.250 HaikuBattle[17655:70b] Resetting plugins due to page load.
2014-06-10 19:53:01.350 HaikuBattle[17655:70b] Finished load of: file:///Users/chasecaster/Library/Application%20Support/iPhone%20Simulator/7.1/Applications/C1668EB7-CC83-45D1-8A04-8493149C1461/HaikuBattle.app/www/index.html
2014-06-10 19:53:59.736 HaikuBattle[17752:70b] Multi-tasking -> Device: YES, App: YES
2014-06-10 19:53:59.743 HaikuBattle[17752:70b] Unlimited access to network resources
2014-06-10 19:53:59.745 HaikuBattle[17752:70b] 

Started backup to iCloud! Please be careful.
Your application might rejected by Apple if you store too much data.
For more information please read "iOS Data Storage Guidelines"
You could find it at the following address https://developer.apple.com/icloud/documentation/data-storage/ .

2014-06-10 19:53:59.798 HaikuBattle[17752:70b] Resetting plugins due to page load.
2014-06-10 19:53:59.837 HaikuBattle[17752:70b] Finished load of: file:///Users/chasecaster/Library/Application%20Support/iPhone%20Simulator/7.1/Applications/C1668EB7-CC83-45D1-8A04-8493149C1461/HaikuBattle.app/www/index.html
2014-06-10 19:57:34.439 HaikuBattle[17933:70b] Multi-tasking -> Device: YES, App: YES
2014-06-10 19:57:34.445 HaikuBattle[17933:70b] Unlimited access to network resources
2014-06-10 19:57:34.448 HaikuBattle[17933:70b] 

Started backup to iCloud! Please be careful.
Your application might rejected by Apple if you store too much data.
For more information please read "iOS Data Storage Guidelines"
You could find it at the following address https://developer.apple.com/icloud/documentation/data-storage/ .

2014-06-10 19:57:34.500 HaikuBattle[17933:70b] Resetting plugins due to page load.
2014-06-10 19:57:34.762 HaikuBattle[17933:70b] Finished load of: file:///Users/chasecaster/Library/Application%20Support/iPhone%20Simulator/7.1/Applications/C1668EB7-CC83-45D1-8A04-8493149C1461/HaikuBattle.app/www/index.html
2014-06-10 19:58:49.354 HaikuBattle[18017:70b] Multi-tasking -> Device: YES, App: YES
2014-06-10 19:58:49.361 HaikuBattle[18017:70b] Unlimited access to network resources
2014-06-10 19:58:49.364 HaikuBattle[18017:70b] 

Started backup to iCloud! Please be careful.
Your application might rejected by Apple if you store too much data.
For more information please read "iOS Data Storage Guidelines"
You could find it at the following address https://developer.apple.com/icloud/documentation/data-storage/ .

2014-06-10 19:58:49.417 HaikuBattle[18017:70b] Resetting plugins due to page load.
2014-06-10 19:58:49.635 HaikuBattle[18017:70b] Finished load of: file:///Users/chasecaster/Library/Application%20Support/iPhone%20Simulator/7.1/Applications/C1668EB7-CC83-45D1-8A04-8493149C1461/HaikuBattle.app/www/index.html
2014-06-10 20:00:16.847 HaikuBattle[18095:70b] Multi-tasking -> Device: YES, App: YES
2014-06-10 20:00:16.853 HaikuBattle[18095:70b] Unlimited access to network resources
2014-06-10 20:00:16.856 HaikuBattle[18095:70b] 

Started backup to iCloud! Please be careful.
Your application might rejected by Apple if you store too much data.
For more information please read "iOS Data Storage Guidelines"
You could find it at the following address https://developer.apple.com/icloud/documentation/data-storage/ .

2014-06-10 20:00:16.915 HaikuBattle[18095:70b] Resetting plugins due to page load.
2014-06-10 20:00:17.199 HaikuBattle[18095:70b] Finished load of: file:///Users/chasecaster/Library/Application%20Support/iPhone%20Simulator/7.1/Applications/C1668EB7-CC83-45D1-8A04-8493149C1461/HaikuBattle.app/www/index.html
2014-06-10 20:00:42.439 HaikuBattle[18170:70b] Multi-tasking -> Device: YES, App: YES
2014-06-10 20:00:42.446 HaikuBattle[18170:70b] Unlimited access to network resources
2014-06-10 20:00:42.448 HaikuBattle[18170:70b] 

Started backup to iCloud! Please be careful.
Your application might rejected by Apple if you store too much data.
For more information please read "iOS Data Storage Guidelines"
You could find it at the following address https://developer.apple.com/icloud/documentation/data-storage/ .

2014-06-10 20:00:42.502 HaikuBattle[18170:70b] Resetting plugins due to page load.
2014-06-10 20:00:42.684 HaikuBattle[18170:70b] Finished load of: file:///Users/chasecaster/Library/Application%20Support/iPhone%20Simulator/7.1/Applications/C1668EB7-CC83-45D1-8A04-8493149C1461/HaikuBattle.app/www/index.html
2014-06-10 20:08:40.601 HaikuBattle[18432:70b] Multi-tasking -> Device: YES, App: YES
2014-06-10 20:08:40.608 HaikuBattle[18432:70b] Unlimited access to network resources
2014-06-10 20:08:40.610 HaikuBattle[18432:70b] 

Started backup to iCloud! Please be careful.
Your application might rejected by Apple if you store too much data.
For more information please read "iOS Data Storage Guidelines"
You could find it at the following address https://developer.apple.com/icloud/documentation/data-storage/ .

2014-06-10 20:08:40.672 HaikuBattle[18432:70b] Resetting plugins due to page load.
2014-06-10 20:08:40.708 HaikuBattle[18432:70b] Finished load of: file:///Users/chasecaster/Library/Application%20Support/iPhone%20Simulator/7.1/Applications/C1668EB7-CC83-45D1-8A04-8493149C1461/HaikuBattle.app/www/index.html
2014-06-10 20:09:08.205 HaikuBattle[18512:70b] Multi-tasking -> Device: YES, App: YES
2014-06-10 20:09:08.211 HaikuBattle[18512:70b] Unlimited access to network resources
2014-06-10 20:09:08.214 HaikuBattle[18512:70b] 

Started backup to iCloud! Please be careful.
Your application might rejected by Apple if you store too much data.
For more information please read "iOS Data Storage Guidelines"
You could find it at the following address https://developer.apple.com/icloud/documentation/data-storage/ .

2014-06-10 20:09:08.268 HaikuBattle[18512:70b] Resetting plugins due to page load.
2014-06-10 20:09:08.289 HaikuBattle[18512:70b] Finished load of: file:///Users/chasecaster/Library/Application%20Support/iPhone%20Simulator/7.1/Applications/C1668EB7-CC83-45D1-8A04-8493149C1461/HaikuBattle.app/www/index.html
2014-06-10 20:10:05.298 HaikuBattle[18622:70b] Multi-tasking -> Device: YES, App: YES
2014-06-10 20:10:05.305 HaikuBattle[18622:70b] Unlimited access to network resources
2014-06-10 20:10:05.309 HaikuBattle[18622:70b] 

Started backup to iCloud! Please be careful.
Your application might rejected by Apple if you store too much data.
For more information please read "iOS Data Storage Guidelines"
You could find it at the following address https://developer.apple.com/icloud/documentation/data-storage/ .

2014-06-10 20:10:05.373 HaikuBattle[18622:70b] Resetting plugins due to page load.
2014-06-10 20:10:05.406 HaikuBattle[18622:70b] Finished load of: file:///Users/chasecaster/Library/Application%20Support/iPhone%20Simulator/7.1/Applications/C1668EB7-CC83-45D1-8A04-8493149C1461/HaikuBattle.app/www/index.html
2014-06-10 20:17:23.240 HaikuBattle[18726:70b] Multi-tasking -> Device: YES, App: YES
2014-06-10 20:17:23.247 HaikuBattle[18726:70b] Unlimited access to network resources
2014-06-10 20:17:23.250 HaikuBattle[18726:70b] 

Started backup to iCloud! Please be careful.
Your application might rejected by Apple if you store too much data.
For more information please read "iOS Data Storage Guidelines"
You could find it at the following address https://developer.apple.com/icloud/documentation/data-storage/ .

2014-06-10 20:17:23.301 HaikuBattle[18726:70b] Resetting plugins due to page load.
2014-06-10 20:17:23.333 HaikuBattle[18726:70b] Finished load of: file:///Users/chasecaster/Library/Application%20Support/iPhone%20Simulator/7.1/Applications/C1668EB7-CC83-45D1-8A04-8493149C1461/HaikuBattle.app/www/index.html
2014-06-10 20:19:02.141 HaikuBattle[18811:70b] Multi-tasking -> Device: YES, App: YES
2014-06-10 20:19:02.148 HaikuBattle[18811:70b] Unlimited access to network resources
2014-06-10 20:19:02.150 HaikuBattle[18811:70b] 

Started backup to iCloud! Please be careful.
Your application might rejected by Apple if you store too much data.
For more information please read "iOS Data Storage Guidelines"
You could find it at the following address https://developer.apple.com/icloud/documentation/data-storage/ .

2014-06-10 20:19:02.200 HaikuBattle[18811:70b] Resetting plugins due to page load.
2014-06-10 20:19:02.245 HaikuBattle[18811:70b] Finished load of: file:///Users/chasecaster/Library/Application%20Support/iPhone%20Simulator/7.1/Applications/C1668EB7-CC83-45D1-8A04-8493149C1461/HaikuBattle.app/www/index.html
2014-06-10 20:19:57.205 HaikuBattle[18976:70b] Multi-tasking -> Device: YES, App: YES
2014-06-10 20:19:57.212 HaikuBattle[18976:70b] Unlimited access to network resources
2014-06-10 20:19:57.215 HaikuBattle[18976:70b] 

Started backup to iCloud! Please be careful.
Your application might rejected by Apple if you store too much data.
For more information please read "iOS Data Storage Guidelines"
You could find it at the following address https://developer.apple.com/icloud/documentation/data-storage/ .

2014-06-10 20:19:57.276 HaikuBattle[18976:70b] Resetting plugins due to page load.
2014-06-10 20:19:57.312 HaikuBattle[18976:70b] Finished load of: file:///Users/chasecaster/Library/Application%20Support/iPhone%20Simulator/7.1/Applications/C1668EB7-CC83-45D1-8A04-8493149C1461/HaikuBattle.app/www/index.html
2014-06-10 20:20:52.133 HaikuBattle[19071:70b] Multi-tasking -> Device: YES, App: YES
2014-06-10 20:20:52.141 HaikuBattle[19071:70b] Unlimited access to network resources
2014-06-10 20:20:52.143 HaikuBattle[19071:70b] 

Started backup to iCloud! Please be careful.
Your application might rejected by Apple if you store too much data.
For more information please read "iOS Data Storage Guidelines"
You could find it at the following address https://developer.apple.com/icloud/documentation/data-storage/ .

2014-06-10 20:20:52.203 HaikuBattle[19071:70b] Resetting plugins due to page load.
2014-06-10 20:20:52.231 HaikuBattle[19071:70b] Finished load of: file:///Users/chasecaster/Library/Application%20Support/iPhone%20Simulator/7.1/Applications/C1668EB7-CC83-45D1-8A04-8493149C1461/HaikuBattle.app/www/index.html
